[0901/123116.045:INFO:CONSOLE(150)] "Event handler of 'x-storagemutated-1' event must be added on the initial evaluation of worker script.", source: https://static.whatsapp.net/rsrc.php/v3/y-/r/xxtkUXlM69z.js?_nc_x=Ij3Wp8lg5Kz (150)
[0901/123116.190:INFO:CONSOLE(0)] "Error with Permissions-Policy header: Feature xr-spatial-tracking's parameters are ignored.", source:  (0)
[0901/123116.190:INFO:CONSOLE(0)] "Error with Permissions-Policy header: Origin trial controlled feature not enabled: 'attribution-reporting'.", source:  (0)
[0901/123116.190:INFO:CONSOLE(0)] "Error with Permissions-Policy header: Unrecognized feature: 'compute-pressure'.", source:  (0)
[0901/123116.190:INFO:CONSOLE(0)] "Error with Permissions-Policy header: Origin trial controlled feature not enabled: 'interest-cohort'.", source:  (0)
[0901/123116.190:INFO:CONSOLE(0)] "Error with Permissions-Policy header: Unrecognized feature: 'private-state-token-issuance'.", source:  (0)
[0901/123116.190:INFO:CONSOLE(0)] "Error with Permissions-Policy header: Origin trial controlled feature not enabled: 'shared-storage'.", source:  (0)
[0901/123116.190:INFO:CONSOLE(0)] "Error with Permissions-Policy header: Unrecognized feature: 'shared-storage-select-url'.", source:  (0)
[0901/123116.191:INFO:CONSOLE(0)] "Error with Permissions-Policy header: Unrecognized feature: 'private-state-token-redemption'.", source:  (0)
[0901/123116.191:INFO:CONSOLE(0)] "Error with Permissions-Policy header: Unrecognized feature: 'unload'.", source:  (0)
[0901/123116.191:INFO:CONSOLE(0)] "Error with Permissions-Policy header: Unrecognized feature: 'window-management'.", source:  (0)
[0901/123116.193:WARNING:backend_impl.cc(1816)] Destroying invalid entry.
[0901/123116.194:WARNING:backend_impl.cc(1816)] Destroying invalid entry.
[0901/123116.194:WARNING:backend_impl.cc(1816)] Destroying invalid entry.
[0901/123116.194:WARNING:backend_impl.cc(1816)] Destroying invalid entry.
[0901/123116.194:WARNING:backend_impl.cc(1816)] Destroying invalid entry.
[0901/123116.195:WARNING:backend_impl.cc(1816)] Destroying invalid entry.
[0901/123116.195:WARNING:backend_impl.cc(1816)] Destroying invalid entry.
[0901/123116.195:WARNING:backend_impl.cc(1816)] Destroying invalid entry.
[0901/123116.195:WARNING:backend_impl.cc(1816)] Destroying invalid entry.
[0901/123116.196:WARNING:backend_impl.cc(1816)] Destroying invalid entry.
[0901/123116.196:WARNING:backend_impl.cc(1816)] Destroying invalid entry.
[0901/123116.196:WARNING:backend_impl.cc(1816)] Destroying invalid entry.
[0901/123116.197:WARNING:backend_impl.cc(1816)] Destroying invalid entry.
[0901/123116.197:WARNING:backend_impl.cc(1816)] Destroying invalid entry.
[0901/123117.958:INFO:CONSOLE(150)] "Event handler of 'x-storagemutated-1' event must be added on the initial evaluation of worker script.", source: https://static.whatsapp.net/rsrc.php/v3/y-/r/xxtkUXlM69z.js?_nc_x=Ij3Wp8lg5Kz (150)
[0901/123119.226:INFO:CONSOLE(342)] "WAWebLoggerWorker initialized", source: https://static.whatsapp.net/rsrc.php/v3/yx/r/dTw2bpHg7DW.js?_nc_x=Ij3Wp8lg5Kz (342)
[0901/123119.226:INFO:CONSOLE(342)] "[storage] start setSchemaVersions from fts worker interface", source: https://static.whatsapp.net/rsrc.php/v3/yx/r/dTw2bpHg7DW.js?_nc_x=Ij3Wp8lg5Kz (342)
[0901/123119.227:INFO:CONSOLE(342)] "[storage] set schema versions: [model-storage,158,fts-storage,8,jobs-storage,1,lru-media-storage-idb,2,offd-storage,4,qpl-storage,0,signal-storage,6,worker-storage,1,sw,2,wawc,14,wawc_db_enc,2]. is worker? true", source: https://static.whatsapp.net/rsrc.php/v3/yx/r/dTw2bpHg7DW.js?_nc_x=Ij3Wp8lg5Kz (342)
[0901/123124.691:INFO:CONSOLE(342)] "FTS:Delegate: start indexer", source: https://static.whatsapp.net/rsrc.php/v3/yx/r/dTw2bpHg7DW.js?_nc_x=Ij3Wp8lg5Kz (342)
[0901/123124.691:INFO:CONSOLE(342)] "FTS:Delegate: start perform init", source: https://static.whatsapp.net/rsrc.php/v3/yx/r/dTw2bpHg7DW.js?_nc_x=Ij3Wp8lg5Kz (342)
[0901/123124.691:INFO:CONSOLE(342)] "FTS:Delegate: schema versions ready", source: https://static.whatsapp.net/rsrc.php/v3/yx/r/dTw2bpHg7DW.js?_nc_x=Ij3Wp8lg5Kz (342)
[0901/123124.691:INFO:CONSOLE(342)] "FTS:Delegate: before db initialization", source: https://static.whatsapp.net/rsrc.php/v3/yx/r/dTw2bpHg7DW.js?_nc_x=Ij3Wp8lg5Kz (342)
[0901/123126.148:INFO:CONSOLE(342)] "FTS:Delegate: after db initialization", source: https://static.whatsapp.net/rsrc.php/v3/yx/r/dTw2bpHg7DW.js?_nc_x=Ij3Wp8lg5Kz (342)
[0901/123126.150:INFO:CONSOLE(342)] "FTS:Manifest Writer: No changes made, current:['3.1', '1'], latest:['3.1', '1']", source: https://static.whatsapp.net/rsrc.php/v3/yx/r/dTw2bpHg7DW.js?_nc_x=Ij3Wp8lg5Kz (342)
[0901/123126.151:INFO:CONSOLE(342)] "FTS:Delegate: Inited", source: https://static.whatsapp.net/rsrc.php/v3/yx/r/dTw2bpHg7DW.js?_nc_x=Ij3Wp8lg5Kz (342)
[0901/123126.152:INFO:CONSOLE(342)] "FTS:Delegate: Init indexing ops", source: https://static.whatsapp.net/rsrc.php/v3/yx/r/dTw2bpHg7DW.js?_nc_x=Ij3Wp8lg5Kz (342)
[0901/123126.159:INFO:CONSOLE(342)] "FTS:Indexer:indexQueuedBatch: Starting new batch size : 1000", source: https://static.whatsapp.net/rsrc.php/v3/yx/r/dTw2bpHg7DW.js?_nc_x=Ij3Wp8lg5Kz (342)
[0901/123129.448:INFO:CONSOLE(342)] "FTS:Indexer:indexQueuedBatch: Completed batch", source: https://static.whatsapp.net/rsrc.php/v3/yx/r/dTw2bpHg7DW.js?_nc_x=Ij3Wp8lg5Kz (342)
[0901/123129.465:INFO:CONSOLE(342)] "FTS:Indexer:indexQueuedBatch: Completed batch", source: https://static.whatsapp.net/rsrc.php/v3/yx/r/dTw2bpHg7DW.js?_nc_x=Ij3Wp8lg5Kz (342)
[0901/123129.469:INFO:CONSOLE(342)] "FTS:Indexer:indexQueuedBatch: Completed", source: https://static.whatsapp.net/rsrc.php/v3/yx/r/dTw2bpHg7DW.js?_nc_x=Ij3Wp8lg5Kz (342)
[0901/123135.527:INFO:CONSOLE(342)] "FTS:Indexer:indexQueuedBatch: Starting new batch size : 1000", source: https://static.whatsapp.net/rsrc.php/v3/yx/r/dTw2bpHg7DW.js?_nc_x=Ij3Wp8lg5Kz (342)
[0901/123135.532:INFO:CONSOLE(342)] "FTS:Indexer:indexQueuedBatch: Completed batch", source: https://static.whatsapp.net/rsrc.php/v3/yx/r/dTw2bpHg7DW.js?_nc_x=Ij3Wp8lg5Kz (342)
[0901/123135.538:INFO:CONSOLE(342)] "FTS:Indexer:indexQueuedBatch: Completed", source: https://static.whatsapp.net/rsrc.php/v3/yx/r/dTw2bpHg7DW.js?_nc_x=Ij3Wp8lg5Kz (342)
[0901/123135.808:INFO:CONSOLE(342)] "FTS:Indexer:indexQueuedBatch: Starting new batch size : 1000", source: https://static.whatsapp.net/rsrc.php/v3/yx/r/dTw2bpHg7DW.js?_nc_x=Ij3Wp8lg5Kz (342)
[0901/123135.823:INFO:CONSOLE(342)] "FTS:Indexer:indexQueuedBatch: Completed batch", source: https://static.whatsapp.net/rsrc.php/v3/yx/r/dTw2bpHg7DW.js?_nc_x=Ij3Wp8lg5Kz (342)
[0901/123135.827:INFO:CONSOLE(342)] "FTS:Indexer:indexQueuedBatch: Completed", source: https://static.whatsapp.net/rsrc.php/v3/yx/r/dTw2bpHg7DW.js?_nc_x=Ij3Wp8lg5Kz (342)
[0901/123148.295:INFO:CONSOLE(342)] "FTS:Indexer:indexQueuedBatch: Starting new batch size : 1000", source: https://static.whatsapp.net/rsrc.php/v3/yx/r/dTw2bpHg7DW.js?_nc_x=Ij3Wp8lg5Kz (342)
[0901/123148.295:INFO:CONSOLE(342)] "FTS:Indexer:indexQueuedBatch: Completed batch", source: https://static.whatsapp.net/rsrc.php/v3/yx/r/dTw2bpHg7DW.js?_nc_x=Ij3Wp8lg5Kz (342)
[0901/123148.295:INFO:CONSOLE(342)] "FTS:Indexer:indexQueuedBatch: Completed", source: https://static.whatsapp.net/rsrc.php/v3/yx/r/dTw2bpHg7DW.js?_nc_x=Ij3Wp8lg5Kz (342)
[0901/123148.339:INFO:CONSOLE(342)] "FTS:Indexer:indexQueuedBatch: Starting new batch size : 1000", source: https://static.whatsapp.net/rsrc.php/v3/yx/r/dTw2bpHg7DW.js?_nc_x=Ij3Wp8lg5Kz (342)
[0901/123148.362:INFO:CONSOLE(342)] "FTS:Indexer:indexQueuedBatch: Completed batch", source: https://static.whatsapp.net/rsrc.php/v3/yx/r/dTw2bpHg7DW.js?_nc_x=Ij3Wp8lg5Kz (342)
[0901/123148.363:INFO:CONSOLE(342)] "FTS:Indexer:indexQueuedBatch: Completed", source: https://static.whatsapp.net/rsrc.php/v3/yx/r/dTw2bpHg7DW.js?_nc_x=Ij3Wp8lg5Kz (342)
[0901/123150.515:INFO:CONSOLE(342)] "FTS:Indexer:indexQueuedBatch: Starting new batch size : 1000", source: https://static.whatsapp.net/rsrc.php/v3/yx/r/dTw2bpHg7DW.js?_nc_x=Ij3Wp8lg5Kz (342)
[0901/123150.527:INFO:CONSOLE(342)] "FTS:Indexer:indexQueuedBatch: Completed batch", source: https://static.whatsapp.net/rsrc.php/v3/yx/r/dTw2bpHg7DW.js?_nc_x=Ij3Wp8lg5Kz (342)
[0901/123150.530:INFO:CONSOLE(342)] "FTS:Indexer:indexQueuedBatch: Completed", source: https://static.whatsapp.net/rsrc.php/v3/yx/r/dTw2bpHg7DW.js?_nc_x=Ij3Wp8lg5Kz (342)
[0901/123159.174:INFO:CONSOLE(342)] "FTS:Indexer:indexQueuedBatch: Starting new batch size : 1000", source: https://static.whatsapp.net/rsrc.php/v3/yx/r/dTw2bpHg7DW.js?_nc_x=Ij3Wp8lg5Kz (342)
[0901/123159.174:INFO:CONSOLE(342)] "FTS:Indexer:indexQueuedBatch: Completed batch", source: https://static.whatsapp.net/rsrc.php/v3/yx/r/dTw2bpHg7DW.js?_nc_x=Ij3Wp8lg5Kz (342)
[0901/123159.174:INFO:CONSOLE(342)] "FTS:Indexer:indexQueuedBatch: Completed", source: https://static.whatsapp.net/rsrc.php/v3/yx/r/dTw2bpHg7DW.js?_nc_x=Ij3Wp8lg5Kz (342)
[0901/123159.206:INFO:CONSOLE(342)] "FTS:Indexer:indexQueuedBatch: Starting new batch size : 1000", source: https://static.whatsapp.net/rsrc.php/v3/yx/r/dTw2bpHg7DW.js?_nc_x=Ij3Wp8lg5Kz (342)
[0901/123159.228:INFO:CONSOLE(342)] "FTS:Indexer:indexQueuedBatch: Completed batch", source: https://static.whatsapp.net/rsrc.php/v3/yx/r/dTw2bpHg7DW.js?_nc_x=Ij3Wp8lg5Kz (342)
[0901/123159.228:INFO:CONSOLE(342)] "FTS:Indexer:indexQueuedBatch: Completed", source: https://static.whatsapp.net/rsrc.php/v3/yx/r/dTw2bpHg7DW.js?_nc_x=Ij3Wp8lg5Kz (342)
[0901/123200.387:INFO:CONSOLE(342)] "FTS:Indexer:indexQueuedBatch: Starting new batch size : 1000", source: https://static.whatsapp.net/rsrc.php/v3/yx/r/dTw2bpHg7DW.js?_nc_x=Ij3Wp8lg5Kz (342)
[0901/123200.398:INFO:CONSOLE(342)] "FTS:Indexer:indexQueuedBatch: Completed batch", source: https://static.whatsapp.net/rsrc.php/v3/yx/r/dTw2bpHg7DW.js?_nc_x=Ij3Wp8lg5Kz (342)
[0901/123200.400:INFO:CONSOLE(342)] "FTS:Indexer:indexQueuedBatch: Completed", source: https://static.whatsapp.net/rsrc.php/v3/yx/r/dTw2bpHg7DW.js?_nc_x=Ij3Wp8lg5Kz (342)
[0901/123206.142:INFO:CONSOLE(342)] "FTS:Indexer:indexQueuedBatch: Starting new batch size : 1000", source: https://static.whatsapp.net/rsrc.php/v3/yx/r/dTw2bpHg7DW.js?_nc_x=Ij3Wp8lg5Kz (342)
[0901/123206.146:INFO:CONSOLE(342)] "FTS:Indexer:indexQueuedBatch: Completed batch", source: https://static.whatsapp.net/rsrc.php/v3/yx/r/dTw2bpHg7DW.js?_nc_x=Ij3Wp8lg5Kz (342)
[0901/123206.150:INFO:CONSOLE(342)] "FTS:Indexer:indexQueuedBatch: Completed", source: https://static.whatsapp.net/rsrc.php/v3/yx/r/dTw2bpHg7DW.js?_nc_x=Ij3Wp8lg5Kz (342)
[0901/123206.561:INFO:CONSOLE(342)] "FTS:Indexer:indexQueuedBatch: Starting new batch size : 1000", source: https://static.whatsapp.net/rsrc.php/v3/yx/r/dTw2bpHg7DW.js?_nc_x=Ij3Wp8lg5Kz (342)
[0901/123206.571:INFO:CONSOLE(342)] "FTS:Indexer:indexQueuedBatch: Completed batch", source: https://static.whatsapp.net/rsrc.php/v3/yx/r/dTw2bpHg7DW.js?_nc_x=Ij3Wp8lg5Kz (342)
[0901/123206.579:INFO:CONSOLE(342)] "FTS:Indexer:indexQueuedBatch: Completed", source: https://static.whatsapp.net/rsrc.php/v3/yx/r/dTw2bpHg7DW.js?_nc_x=Ij3Wp8lg5Kz (342)
[0901/123247.805:INFO:CONSOLE(342)] "FTS:Indexer:indexQueuedBatch: Starting new batch size : 1000", source: https://static.whatsapp.net/rsrc.php/v3/yx/r/dTw2bpHg7DW.js?_nc_x=Ij3Wp8lg5Kz (342)
[0901/123247.805:INFO:CONSOLE(342)] "FTS:Indexer:indexQueuedBatch: Completed batch", source: https://static.whatsapp.net/rsrc.php/v3/yx/r/dTw2bpHg7DW.js?_nc_x=Ij3Wp8lg5Kz (342)
[0901/123247.805:INFO:CONSOLE(342)] "FTS:Indexer:indexQueuedBatch: Completed", source: https://static.whatsapp.net/rsrc.php/v3/yx/r/dTw2bpHg7DW.js?_nc_x=Ij3Wp8lg5Kz (342)
[0901/123253.581:INFO:CONSOLE(342)] "FTS:Indexer:indexQueuedBatch: Starting new batch size : 1000", source: https://static.whatsapp.net/rsrc.php/v3/yx/r/dTw2bpHg7DW.js?_nc_x=Ij3Wp8lg5Kz (342)
[0901/123254.599:INFO:CONSOLE(342)] "FTS:Indexer:indexQueuedBatch: Completed batch", source: https://static.whatsapp.net/rsrc.php/v3/yx/r/dTw2bpHg7DW.js?_nc_x=Ij3Wp8lg5Kz (342)
[0901/123254.604:INFO:CONSOLE(342)] "FTS:Indexer:indexQueuedBatch: Completed batch", source: https://static.whatsapp.net/rsrc.php/v3/yx/r/dTw2bpHg7DW.js?_nc_x=Ij3Wp8lg5Kz (342)
[0901/123254.606:INFO:CONSOLE(342)] "FTS:Indexer:indexQueuedBatch: Completed", source: https://static.whatsapp.net/rsrc.php/v3/yx/r/dTw2bpHg7DW.js?_nc_x=Ij3Wp8lg5Kz (342)
[0901/123302.093:INFO:CONSOLE(342)] "FTS:Indexer:indexQueuedBatch: Starting new batch size : 1000", source: https://static.whatsapp.net/rsrc.php/v3/yx/r/dTw2bpHg7DW.js?_nc_x=Ij3Wp8lg5Kz (342)
[0901/123302.099:INFO:CONSOLE(342)] "FTS:Indexer:indexQueuedBatch: Completed batch", source: https://static.whatsapp.net/rsrc.php/v3/yx/r/dTw2bpHg7DW.js?_nc_x=Ij3Wp8lg5Kz (342)
[0901/123302.110:INFO:CONSOLE(342)] "FTS:Indexer:indexQueuedBatch: Completed", source: https://static.whatsapp.net/rsrc.php/v3/yx/r/dTw2bpHg7DW.js?_nc_x=Ij3Wp8lg5Kz (342)
[0901/123330.846:INFO:CONSOLE(342)] "FTS:Indexer:indexQueuedBatch: Starting new batch size : 1000", source: https://static.whatsapp.net/rsrc.php/v3/yx/r/dTw2bpHg7DW.js?_nc_x=Ij3Wp8lg5Kz (342)
[0901/123330.852:INFO:CONSOLE(342)] "FTS:Indexer:indexQueuedBatch: Completed", source: https://static.whatsapp.net/rsrc.php/v3/yx/r/dTw2bpHg7DW.js?_nc_x=Ij3Wp8lg5Kz (342)
[0901/123332.983:INFO:CONSOLE(150)] "Event handler of 'x-storagemutated-1' event must be added on the initial evaluation of worker script.", source: https://static.whatsapp.net/rsrc.php/v3/y-/r/xxtkUXlM69z.js?_nc_x=Ij3Wp8lg5Kz (150)
[0901/123338.727:INFO:CONSOLE(342)] "FTS:Indexer:indexQueuedBatch: Starting new batch size : 1000", source: https://static.whatsapp.net/rsrc.php/v3/yx/r/dTw2bpHg7DW.js?_nc_x=Ij3Wp8lg5Kz (342)
[0901/123338.728:INFO:CONSOLE(342)] "FTS:Indexer:indexQueuedBatch: Completed batch", source: https://static.whatsapp.net/rsrc.php/v3/yx/r/dTw2bpHg7DW.js?_nc_x=Ij3Wp8lg5Kz (342)
[0901/123338.728:INFO:CONSOLE(342)] "FTS:Indexer:indexQueuedBatch: Completed", source: https://static.whatsapp.net/rsrc.php/v3/yx/r/dTw2bpHg7DW.js?_nc_x=Ij3Wp8lg5Kz (342)
[0901/123343.499:INFO:CONSOLE(342)] "FTS:Indexer:indexQueuedBatch: Starting new batch size : 1000", source: https://static.whatsapp.net/rsrc.php/v3/yx/r/dTw2bpHg7DW.js?_nc_x=Ij3Wp8lg5Kz (342)
[0901/123343.504:INFO:CONSOLE(342)] "FTS:Indexer:indexQueuedBatch: Completed batch", source: https://static.whatsapp.net/rsrc.php/v3/yx/r/dTw2bpHg7DW.js?_nc_x=Ij3Wp8lg5Kz (342)
[0901/123343.510:INFO:CONSOLE(342)] "FTS:Indexer:indexQueuedBatch: Completed", source: https://static.whatsapp.net/rsrc.php/v3/yx/r/dTw2bpHg7DW.js?_nc_x=Ij3Wp8lg5Kz (342)
[0901/123346.855:INFO:CONSOLE(342)] "FTS:Indexer:indexQueuedBatch: Starting new batch size : 1000", source: https://static.whatsapp.net/rsrc.php/v3/yx/r/dTw2bpHg7DW.js?_nc_x=Ij3Wp8lg5Kz (342)
[0901/123346.855:INFO:CONSOLE(342)] "FTS:Indexer:indexQueuedBatch: Completed batch", source: https://static.whatsapp.net/rsrc.php/v3/yx/r/dTw2bpHg7DW.js?_nc_x=Ij3Wp8lg5Kz (342)
[0901/123346.855:INFO:CONSOLE(342)] "FTS:Indexer:indexQueuedBatch: Completed", source: https://static.whatsapp.net/rsrc.php/v3/yx/r/dTw2bpHg7DW.js?_nc_x=Ij3Wp8lg5Kz (342)
[0901/123450.088:INFO:CONSOLE(342)] "FTS:Indexer:indexQueuedBatch: Starting new batch size : 1000", source: https://static.whatsapp.net/rsrc.php/v3/yx/r/dTw2bpHg7DW.js?_nc_x=Ij3Wp8lg5Kz (342)
[0901/123450.089:INFO:CONSOLE(342)] "FTS:Indexer:indexQueuedBatch: Completed batch", source: https://static.whatsapp.net/rsrc.php/v3/yx/r/dTw2bpHg7DW.js?_nc_x=Ij3Wp8lg5Kz (342)
[0901/123450.089:INFO:CONSOLE(342)] "FTS:Indexer:indexQueuedBatch: Completed", source: https://static.whatsapp.net/rsrc.php/v3/yx/r/dTw2bpHg7DW.js?_nc_x=Ij3Wp8lg5Kz (342)
[0901/123610.432:INFO:CONSOLE(342)] "FTS:Indexer:indexQueuedBatch: Starting new batch size : 1000", source: https://static.whatsapp.net/rsrc.php/v3/yx/r/dTw2bpHg7DW.js?_nc_x=Ij3Wp8lg5Kz (342)
[0901/123610.455:INFO:CONSOLE(342)] "FTS:Indexer:indexQueuedBatch: Completed batch", source: https://static.whatsapp.net/rsrc.php/v3/yx/r/dTw2bpHg7DW.js?_nc_x=Ij3Wp8lg5Kz (342)
[0901/123610.455:INFO:CONSOLE(342)] "FTS:Indexer:indexQueuedBatch: Completed", source: https://static.whatsapp.net/rsrc.php/v3/yx/r/dTw2bpHg7DW.js?_nc_x=Ij3Wp8lg5Kz (342)
[0901/123614.757:INFO:CONSOLE(342)] "FTS:Indexer:indexQueuedBatch: Starting new batch size : 1000", source: https://static.whatsapp.net/rsrc.php/v3/yx/r/dTw2bpHg7DW.js?_nc_x=Ij3Wp8lg5Kz (342)
[0901/123614.757:INFO:CONSOLE(342)] "FTS:Indexer:indexQueuedBatch: Completed batch", source: https://static.whatsapp.net/rsrc.php/v3/yx/r/dTw2bpHg7DW.js?_nc_x=Ij3Wp8lg5Kz (342)
[0901/123614.757:INFO:CONSOLE(342)] "FTS:Indexer:indexQueuedBatch: Completed", source: https://static.whatsapp.net/rsrc.php/v3/yx/r/dTw2bpHg7DW.js?_nc_x=Ij3Wp8lg5Kz (342)
[0901/123619.220:INFO:CONSOLE(342)] "FTS:Indexer:indexQueuedBatch: Starting new batch size : 1000", source: https://static.whatsapp.net/rsrc.php/v3/yx/r/dTw2bpHg7DW.js?_nc_x=Ij3Wp8lg5Kz (342)
[0901/123619.220:INFO:CONSOLE(342)] "FTS:Indexer:indexQueuedBatch: Completed batch", source: https://static.whatsapp.net/rsrc.php/v3/yx/r/dTw2bpHg7DW.js?_nc_x=Ij3Wp8lg5Kz (342)
[0901/123619.220:INFO:CONSOLE(342)] "FTS:Indexer:indexQueuedBatch: Completed", source: https://static.whatsapp.net/rsrc.php/v3/yx/r/dTw2bpHg7DW.js?_nc_x=Ij3Wp8lg5Kz (342)
[0901/123620.815:INFO:CONSOLE(150)] "Event handler of 'x-storagemutated-1' event must be added on the initial evaluation of worker script.", source: https://static.whatsapp.net/rsrc.php/v3/y-/r/xxtkUXlM69z.js?_nc_x=Ij3Wp8lg5Kz (150)
[0901/123621.044:INFO:CONSOLE(341)] "Failed to parse video contentType: video/mp4; codecs=avc1.42000a", source: https://static.whatsapp.net/rsrc.php/v3iHCc4/y1/l/rt/kT-iNFSEXWy.js?_nc_x=Ij3Wp8lg5Kz (341)
[0901/123621.044:INFO:CONSOLE(341)] "Failed to parse video contentType: video/mp4; codecs=hev1.1.6.L93.B0", source: https://static.whatsapp.net/rsrc.php/v3iHCc4/y1/l/rt/kT-iNFSEXWy.js?_nc_x=Ij3Wp8lg5Kz (341)
[0901/124015.264:INFO:CONSOLE(342)] "FTS:Indexer:indexQueuedBatch: Starting new batch size : 1000", source: https://static.whatsapp.net/rsrc.php/v3/yx/r/dTw2bpHg7DW.js?_nc_x=Ij3Wp8lg5Kz (342)
[0901/124015.298:INFO:CONSOLE(342)] "FTS:Indexer:indexQueuedBatch: Completed batch", source: https://static.whatsapp.net/rsrc.php/v3/yx/r/dTw2bpHg7DW.js?_nc_x=Ij3Wp8lg5Kz (342)
[0901/124015.304:INFO:CONSOLE(342)] "FTS:Indexer:indexQueuedBatch: Completed", source: https://static.whatsapp.net/rsrc.php/v3/yx/r/dTw2bpHg7DW.js?_nc_x=Ij3Wp8lg5Kz (342)
